<?xml version="1.0" encoding="UTF-8"?>
<!-- Generated by org.testng.reporters.JUnitReportReporter -->
<testsuite skipped="0" hostname="Mamun79s-MBP.fios-router.home" name="com.docker.com.dockerContainer.dockerTest" tests="1" failures="0" timestamp="06 Aug 2019 14:40:47 GMT" time="11.139" errors="0">
  <testcase name="test1" time="11.139" classname="com.docker.com.dockerContainer.dockerTest"/>
</testsuite> <!-- com.docker.com.dockerContainer.dockerTest -->
