<?xml version="1.0" encoding="UTF-8"?>
<!-- Generated by org.testng.reporters.JUnitReportReporter -->
<testsuite skipped="0" hostname="Mamun79s-MBP.fios-router.home" name="com.docker.com.dockerContainer.DockerTest3" tests="1" failures="0" timestamp="06 Aug 2019 14:40:47 GMT" time="7.364" errors="0">
  <testcase name="test4" time="7.364" classname="com.docker.com.dockerContainer.DockerTest3"/>
</testsuite> <!-- com.docker.com.dockerContainer.DockerTest3 -->
